{"C:\\Users\\nbattul\\vue-projects\\vue-assessment-test-app\\employee-management-tool\\src\\app.vue": {"path":"C:\\Users\\nbattul\\vue-projects\\vue-assessment-test-app\\employee-management-tool\\src\\app.vue","statementMap":{"0":{"start":{"line":9,"column":0},"end":{"line":9,"column":null}}},"fnMap":{},"branchMap":{},"s":{"0":1},"f":{},"b":{}}
,"C:\\Users\\nbattul\\vue-projects\\vue-assessment-test-app\\employee-management-tool\\src\\components\\employees\\addEmployee.vue": {"path":"C:\\Users\\nbattul\\vue-projects\\vue-assessment-test-app\\employee-management-tool\\src\\components\\employees\\addEmployee.vue","statementMap":{"0":{"start":{"line":58,"column":0},"end":{"line":58,"column":null}},"1":{"start":{"line":59,"column":0},"end":{"line":59,"column":null}},"2":{"start":{"line":64,"column":0},"end":{"line":64,"column":null}},"3":{"start":{"line":75,"column":0},"end":{"line":75,"column":null}},"4":{"start":{"line":76,"column":0},"end":{"line":76,"column":null}},"5":{"start":{"line":77,"column":0},"end":{"line":77,"column":null}},"6":{"start":{"line":80,"column":0},"end":{"line":80,"column":null}},"7":{"start":{"line":81,"column":0},"end":{"line":81,"column":null}},"8":{"start":{"line":84,"column":0},"end":{"line":88,"column":null}},"9":{"start":{"line":87,"column":0},"end":{"line":87,"column":null}},"10":{"start":{"line":91,"column":0},"end":{"line":91,"column":null}},"11":{"start":{"line":93,"column":0},"end":{"line":93,"column":null}},"12":{"start":{"line":94,"column":0},"end":{"line":96,"column":null}},"13":{"start":{"line":95,"column":0},"end":{"line":95,"column":null}}},"fnMap":{"0":{"name":"(anonymous_1)","decl":{"start":{"line":63,"column":0},"end":{"line":63,"column":null}},"loc":{"start":{"line":63,"column":0},"end":{"line":71,"column":null}}},"1":{"name":"(anonymous_2)","decl":{"start":{"line":74,"column":0},"end":{"line":74,"column":null}},"loc":{"start":{"line":74,"column":0},"end":{"line":78,"column":null}}},"2":{"name":"(anonymous_3)","decl":{"start":{"line":79,"column":0},"end":{"line":79,"column":null}},"loc":{"start":{"line":79,"column":0},"end":{"line":82,"column":null}}},"3":{"name":"(anonymous_4)","decl":{"start":{"line":83,"column":0},"end":{"line":83,"column":null}},"loc":{"start":{"line":83,"column":0},"end":{"line":89,"column":null}}},"4":{"name":"(anonymous_5)","decl":{"start":{"line":84,"column":0},"end":{"line":84,"column":null}},"loc":{"start":{"line":84,"column":0},"end":{"line":88,"column":null}}},"5":{"name":"(anonymous_6)","decl":{"start":{"line":90,"column":0},"end":{"line":90,"column":null}},"loc":{"start":{"line":90,"column":0},"end":{"line":97,"column":null}}},"6":{"name":"(anonymous_7)","decl":{"start":{"line":94,"column":0},"end":{"line":94,"column":null}},"loc":{"start":{"line":94,"column":0},"end":{"line":96,"column":null}}}},"branchMap":{},"s":{"0":2,"1":2,"2":11,"3":1,"4":1,"5":1,"6":1,"7":1,"8":0,"9":0,"10":2,"11":2,"12":2,"13":2},"f":{"0":11,"1":1,"2":1,"3":0,"4":0,"5":2,"6":2},"b":{}}
,"C:\\Users\\nbattul\\vue-projects\\vue-assessment-test-app\\employee-management-tool\\src\\components\\employees\\listEmployee.vue": {"path":"C:\\Users\\nbattul\\vue-projects\\vue-assessment-test-app\\employee-management-tool\\src\\components\\employees\\listEmployee.vue","statementMap":{"0":{"start":{"line":98,"column":0},"end":{"line":98,"column":null}},"1":{"start":{"line":99,"column":0},"end":{"line":99,"column":null}},"2":{"start":{"line":104,"column":0},"end":{"line":104,"column":null}},"3":{"start":{"line":126,"column":0},"end":{"line":126,"column":null}},"4":{"start":{"line":130,"column":0},"end":{"line":130,"column":null}},"5":{"start":{"line":131,"column":0},"end":{"line":131,"column":null}},"6":{"start":{"line":135,"column":0},"end":{"line":135,"column":null}},"7":{"start":{"line":138,"column":0},"end":{"line":138,"column":null}},"8":{"start":{"line":141,"column":0},"end":{"line":141,"column":null}},"9":{"start":{"line":142,"column":0},"end":{"line":142,"column":null}},"10":{"start":{"line":143,"column":0},"end":{"line":143,"column":null}},"11":{"start":{"line":146,"column":0},"end":{"line":146,"column":null}},"12":{"start":{"line":147,"column":0},"end":{"line":147,"column":null}},"13":{"start":{"line":153,"column":0},"end":{"line":153,"column":null}},"14":{"start":{"line":154,"column":0},"end":{"line":175,"column":null}},"15":{"start":{"line":170,"column":0},"end":{"line":170,"column":null}}},"fnMap":{"0":{"name":"(anonymous_1)","decl":{"start":{"line":103,"column":0},"end":{"line":103,"column":null}},"loc":{"start":{"line":103,"column":0},"end":{"line":123,"column":null}}},"1":{"name":"(anonymous_2)","decl":{"start":{"line":125,"column":0},"end":{"line":125,"column":null}},"loc":{"start":{"line":125,"column":0},"end":{"line":127,"column":null}}},"2":{"name":"(anonymous_3)","decl":{"start":{"line":129,"column":0},"end":{"line":129,"column":null}},"loc":{"start":{"line":129,"column":0},"end":{"line":132,"column":null}}},"3":{"name":"(anonymous_4)","decl":{"start":{"line":134,"column":0},"end":{"line":134,"column":null}},"loc":{"start":{"line":134,"column":0},"end":{"line":136,"column":null}}},"4":{"name":"(anonymous_5)","decl":{"start":{"line":137,"column":0},"end":{"line":137,"column":null}},"loc":{"start":{"line":137,"column":0},"end":{"line":139,"column":null}}},"5":{"name":"(anonymous_6)","decl":{"start":{"line":140,"column":0},"end":{"line":140,"column":null}},"loc":{"start":{"line":140,"column":0},"end":{"line":144,"column":null}}},"6":{"name":"(anonymous_7)","decl":{"start":{"line":145,"column":0},"end":{"line":145,"column":null}},"loc":{"start":{"line":145,"column":0},"end":{"line":148,"column":null}}},"7":{"name":"(anonymous_8)","decl":{"start":{"line":149,"column":0},"end":{"line":149,"column":null}},"loc":{"start":{"line":149,"column":0},"end":{"line":176,"column":null}}},"8":{"name":"(anonymous_9)","decl":{"start":{"line":157,"column":0},"end":{"line":157,"column":null}},"loc":{"start":{"line":157,"column":0},"end":{"line":172,"column":null}}},"9":{"name":"(anonymous_10)","decl":{"start":{"line":172,"column":0},"end":{"line":172,"column":null}},"loc":{"start":{"line":172,"column":0},"end":{"line":175,"column":null}}}},"branchMap":{},"s":{"0":2,"1":2,"2":5,"3":5,"4":5,"5":5,"6":0,"7":5,"8":0,"9":0,"10":0,"11":1,"12":1,"13":0,"14":0,"15":0},"f":{"0":5,"1":5,"2":5,"3":0,"4":5,"5":0,"6":1,"7":0,"8":0,"9":0},"b":{}}
,"C:\\Users\\nbattul\\vue-projects\\vue-assessment-test-app\\employee-management-tool\\src\\filters\\dateFilter.js": {"path":"C:\\Users\\nbattul\\vue-projects\\vue-assessment-test-app\\employee-management-tool\\src\\filters\\dateFilter.js","statementMap":{"0":{"start":{"line":1,"column":23},"end":{"line":16,"column":1}},"1":{"start":{"line":2,"column":14},"end":{"line":2,"column":18}},"2":{"start":{"line":3,"column":11},"end":{"line":3,"column":26}},"3":{"start":{"line":4,"column":11},"end":{"line":4,"column":31}},"4":{"start":{"line":6,"column":15},"end":{"line":6,"column":34}},"5":{"start":{"line":7,"column":2},"end":{"line":9,"column":3}},"6":{"start":{"line":8,"column":4},"end":{"line":8,"column":18}},"7":{"start":{"line":10,"column":2},"end":{"line":12,"column":3}},"8":{"start":{"line":11,"column":4},"end":{"line":11,"column":18}},"9":{"start":{"line":13,"column":2},"end":{"line":13,"column":32}},"10":{"start":{"line":15,"column":2},"end":{"line":15,"column":15}}},"fnMap":{"0":{"name":"(anonymous_0)","decl":{"start":{"line":1,"column":23},"end":{"line":1,"column":24}},"loc":{"start":{"line":1,"column":33},"end":{"line":16,"column":1}},"line":1}},"branchMap":{"0":{"loc":{"start":{"line":7,"column":2},"end":{"line":9,"column":3}},"type":"if","locations":[{"start":{"line":7,"column":2},"end":{"line":9,"column":3}},{"start":{"line":7,"column":2},"end":{"line":9,"column":3}}],"line":7},"1":{"loc":{"start":{"line":10,"column":2},"end":{"line":12,"column":3}},"type":"if","locations":[{"start":{"line":10,"column":2},"end":{"line":12,"column":3}},{"start":{"line":10,"column":2},"end":{"line":12,"column":3}}],"line":10}},"s":{"0":1,"1":1,"2":1,"3":1,"4":1,"5":1,"6":0,"7":1,"8":1,"9":1,"10":1},"f":{"0":1},"b":{"0":[0,1],"1":[1,0]},"_coverageSchema":"43e27e138ebf9cfc5966b082cf9a028302ed4184","hash":"ea3d2bdcfcfb6ec80bbb77d32da3a76cab04aeb6"}
,"C:\\Users\\nbattul\\vue-projects\\vue-assessment-test-app\\employee-management-tool\\src\\router\\index.js": {"path":"C:\\Users\\nbattul\\vue-projects\\vue-assessment-test-app\\employee-management-tool\\src\\router\\index.js","statementMap":{"0":{"start":{"line":5,"column":0},"end":{"line":5,"column":19}},"1":{"start":{"line":7,"column":22},"end":{"line":23,"column":1}},"2":{"start":{"line":16,"column":21},"end":{"line":16,"column":81}},"3":{"start":{"line":21,"column":21},"end":{"line":21,"column":89}},"4":{"start":{"line":25,"column":15},"end":{"line":28,"column":2}}},"fnMap":{"0":{"name":"(anonymous_0)","decl":{"start":{"line":16,"column":15},"end":{"line":16,"column":16}},"loc":{"start":{"line":16,"column":21},"end":{"line":16,"column":81}},"line":16},"1":{"name":"(anonymous_1)","decl":{"start":{"line":21,"column":15},"end":{"line":21,"column":16}},"loc":{"start":{"line":21,"column":21},"end":{"line":21,"column":89}},"line":21}},"branchMap":{},"s":{"0":1,"1":1,"2":0,"3":0,"4":1},"f":{"0":0,"1":0},"b":{},"_coverageSchema":"43e27e138ebf9cfc5966b082cf9a028302ed4184","hash":"5a1e1a0c69add6ca046d2b3a103af863f28090db"}
,"C:\\Users\\nbattul\\vue-projects\\vue-assessment-test-app\\employee-management-tool\\src\\services\\apiClient.js": {"path":"C:\\Users\\nbattul\\vue-projects\\vue-assessment-test-app\\employee-management-tool\\src\\services\\apiClient.js","statementMap":{"0":{"start":{"line":3,"column":16},"end":{"line":3,"column":39}},"1":{"start":{"line":5,"column":18},"end":{"line":13,"column":2}},"2":{"start":{"line":15,"column":0},"end":{"line":18,"column":2}},"3":{"start":{"line":16,"column":16},"end":{"line":16,"column":29}},"4":{"start":{"line":17,"column":13},"end":{"line":17,"column":34}}},"fnMap":{"0":{"name":"(anonymous_0)","decl":{"start":{"line":16,"column":2},"end":{"line":16,"column":3}},"loc":{"start":{"line":16,"column":16},"end":{"line":16,"column":29}},"line":16},"1":{"name":"(anonymous_1)","decl":{"start":{"line":17,"column":2},"end":{"line":17,"column":3}},"loc":{"start":{"line":17,"column":13},"end":{"line":17,"column":34}},"line":17}},"branchMap":{},"s":{"0":5,"1":5,"2":5,"3":0,"4":0},"f":{"0":0,"1":0},"b":{},"_coverageSchema":"43e27e138ebf9cfc5966b082cf9a028302ed4184","hash":"c99c56367f423113f726bfce1534d1067fdae3fa"}
,"C:\\Users\\nbattul\\vue-projects\\vue-assessment-test-app\\employee-management-tool\\src\\services\\employeeService.js": {"path":"C:\\Users\\nbattul\\vue-projects\\vue-assessment-test-app\\employee-management-tool\\src\\services\\employeeService.js","statementMap":{"0":{"start":{"line":3,"column":18},"end":{"line":3,"column":30}},"1":{"start":{"line":5,"column":31},"end":{"line":5,"column":61}},"2":{"start":{"line":5,"column":37},"end":{"line":5,"column":61}},"3":{"start":{"line":7,"column":27},"end":{"line":7,"column":70}},"4":{"start":{"line":7,"column":35},"end":{"line":7,"column":70}},"5":{"start":{"line":9,"column":28},"end":{"line":9,"column":77}},"6":{"start":{"line":9,"column":42},"end":{"line":9,"column":77}}},"fnMap":{"0":{"name":"(anonymous_0)","decl":{"start":{"line":5,"column":31},"end":{"line":5,"column":32}},"loc":{"start":{"line":5,"column":37},"end":{"line":5,"column":61}},"line":5},"1":{"name":"(anonymous_1)","decl":{"start":{"line":7,"column":27},"end":{"line":7,"column":28}},"loc":{"start":{"line":7,"column":35},"end":{"line":7,"column":70}},"line":7},"2":{"name":"(anonymous_2)","decl":{"start":{"line":9,"column":28},"end":{"line":9,"column":29}},"loc":{"start":{"line":9,"column":42},"end":{"line":9,"column":77}},"line":9}},"branchMap":{},"s":{"0":4,"1":4,"2":1,"3":4,"4":1,"5":4,"6":1},"f":{"0":1,"1":1,"2":1},"b":{},"_coverageSchema":"43e27e138ebf9cfc5966b082cf9a028302ed4184","hash":"663226967f183ac43cfaedbd63298b1858af51c4"}
,"C:\\Users\\nbattul\\vue-projects\\vue-assessment-test-app\\employee-management-tool\\src\\shared\\appConstants.js": {"path":"C:\\Users\\nbattul\\vue-projects\\vue-assessment-test-app\\employee-management-tool\\src\\shared\\appConstants.js","statementMap":{"0":{"start":{"line":1,"column":21},"end":{"line":7,"column":1}},"1":{"start":{"line":9,"column":22},"end":{"line":15,"column":1}},"2":{"start":{"line":17,"column":20},"end":{"line":22,"column":1}},"3":{"start":{"line":24,"column":22},"end":{"line":43,"column":1}},"4":{"start":{"line":45,"column":27},"end":{"line":52,"column":1}}},"fnMap":{},"branchMap":{},"s":{"0":7,"1":7,"2":7,"3":7,"4":7},"f":{},"b":{},"_coverageSchema":"43e27e138ebf9cfc5966b082cf9a028302ed4184","hash":"4a79335308ef6b8f75bc4df9c18a3692c462a17c"}
,"C:\\Users\\nbattul\\vue-projects\\vue-assessment-test-app\\employee-management-tool\\src\\shared\\dictionaries\\employeeDictionary.js": {"path":"C:\\Users\\nbattul\\vue-projects\\vue-assessment-test-app\\employee-management-tool\\src\\shared\\dictionaries\\employeeDictionary.js","statementMap":{"0":{"start":{"line":1,"column":18},"end":{"line":13,"column":1}}},"fnMap":{},"branchMap":{},"s":{"0":4},"f":{},"b":{},"_coverageSchema":"43e27e138ebf9cfc5966b082cf9a028302ed4184","hash":"2a04f60cc1abddba2895624f61da991c7192cd08"}
,"C:\\Users\\nbattul\\vue-projects\\vue-assessment-test-app\\employee-management-tool\\src\\store\\index.js": {"path":"C:\\Users\\nbattul\\vue-projects\\vue-assessment-test-app\\employee-management-tool\\src\\store\\index.js","statementMap":{"0":{"start":{"line":6,"column":0},"end":{"line":6,"column":14}}},"fnMap":{},"branchMap":{},"s":{"0":1},"f":{},"b":{},"_coverageSchema":"43e27e138ebf9cfc5966b082cf9a028302ed4184","hash":"892674b2859eb299597ac98320dc2007d5cc473f"}
,"C:\\Users\\nbattul\\vue-projects\\vue-assessment-test-app\\employee-management-tool\\src\\store\\modules\\handleErrors.js": {"path":"C:\\Users\\nbattul\\vue-projects\\vue-assessment-test-app\\employee-management-tool\\src\\store\\modules\\handleErrors.js","statementMap":{"0":{"start":{"line":1,"column":21},"end":{"line":3,"column":1}},"1":{"start":{"line":2,"column":2},"end":{"line":2,"column":53}}},"fnMap":{"0":{"name":"(anonymous_0)","decl":{"start":{"line":1,"column":21},"end":{"line":1,"column":22}},"loc":{"start":{"line":1,"column":61},"end":{"line":3,"column":1}},"line":1}},"branchMap":{},"s":{"0":4,"1":2},"f":{"0":2},"b":{},"_coverageSchema":"43e27e138ebf9cfc5966b082cf9a028302ed4184","hash":"d442d9b4c3ce6332b20e3335bf5a3c8d465eed2f"}
,"C:\\Users\\nbattul\\vue-projects\\vue-assessment-test-app\\employee-management-tool\\src\\store\\modules\\employeeModule\\actions.js": {"path":"C:\\Users\\nbattul\\vue-projects\\vue-assessment-test-app\\employee-management-tool\\src\\store\\modules\\employeeModule\\actions.js","statementMap":{"0":{"start":{"line":6,"column":23},"end":{"line":52,"column":1}},"1":{"start":{"line":8,"column":4},"end":{"line":16,"column":9}},"2":{"start":{"line":9,"column":30},"end":{"line":9,"column":71}},"3":{"start":{"line":11,"column":29},"end":{"line":14,"column":9}},"4":{"start":{"line":15,"column":8},"end":{"line":15,"column":74}},"5":{"start":{"line":20,"column":4},"end":{"line":36,"column":9}},"6":{"start":{"line":22,"column":8},"end":{"line":22,"column":41}},"7":{"start":{"line":23,"column":8},"end":{"line":23,"column":41}},"8":{"start":{"line":24,"column":29},"end":{"line":27,"column":9}},"9":{"start":{"line":28,"column":8},"end":{"line":28,"column":76}},"10":{"start":{"line":31,"column":29},"end":{"line":34,"column":9}},"11":{"start":{"line":35,"column":8},"end":{"line":35,"column":74}},"12":{"start":{"line":40,"column":4},"end":{"line":50,"column":9}},"13":{"start":{"line":42,"column":8},"end":{"line":42,"column":41}},"14":{"start":{"line":45,"column":29},"end":{"line":48,"column":9}},"15":{"start":{"line":49,"column":8},"end":{"line":49,"column":74}}},"fnMap":{"0":{"name":"(anonymous_0)","decl":{"start":{"line":7,"column":2},"end":{"line":7,"column":3}},"loc":{"start":{"line":7,"column":52},"end":{"line":17,"column":3}},"line":7},"1":{"name":"(anonymous_1)","decl":{"start":{"line":9,"column":12},"end":{"line":9,"column":13}},"loc":{"start":{"line":9,"column":30},"end":{"line":9,"column":71}},"line":9},"2":{"name":"(anonymous_2)","decl":{"start":{"line":10,"column":13},"end":{"line":10,"column":14}},"loc":{"start":{"line":10,"column":24},"end":{"line":16,"column":7}},"line":10},"3":{"name":"(anonymous_3)","decl":{"start":{"line":19,"column":2},"end":{"line":19,"column":3}},"loc":{"start":{"line":19,"column":59},"end":{"line":37,"column":3}},"line":19},"4":{"name":"(anonymous_4)","decl":{"start":{"line":21,"column":12},"end":{"line":21,"column":13}},"loc":{"start":{"line":21,"column":18},"end":{"line":29,"column":7}},"line":21},"5":{"name":"(anonymous_5)","decl":{"start":{"line":30,"column":14},"end":{"line":30,"column":15}},"loc":{"start":{"line":30,"column":25},"end":{"line":36,"column":7}},"line":30},"6":{"name":"(anonymous_6)","decl":{"start":{"line":39,"column":2},"end":{"line":39,"column":3}},"loc":{"start":{"line":39,"column":60},"end":{"line":51,"column":3}},"line":39},"7":{"name":"(anonymous_7)","decl":{"start":{"line":41,"column":12},"end":{"line":41,"column":13}},"loc":{"start":{"line":41,"column":26},"end":{"line":43,"column":7}},"line":41},"8":{"name":"(anonymous_8)","decl":{"start":{"line":44,"column":13},"end":{"line":44,"column":14}},"loc":{"start":{"line":44,"column":24},"end":{"line":50,"column":7}},"line":44}},"branchMap":{},"s":{"0":3,"1":3,"2":2,"3":1,"4":1,"5":2,"6":1,"7":1,"8":1,"9":1,"10":1,"11":1,"12":2,"13":1,"14":1,"15":1},"f":{"0":3,"1":2,"2":1,"3":2,"4":1,"5":1,"6":2,"7":1,"8":1},"b":{},"_coverageSchema":"43e27e138ebf9cfc5966b082cf9a028302ed4184","hash":"b3a3481aa01e0021ebdd4b846ad0bdea17de5f90"}
,"C:\\Users\\nbattul\\vue-projects\\vue-assessment-test-app\\employee-management-tool\\src\\store\\modules\\employeeModule\\index.js": {"path":"C:\\Users\\nbattul\\vue-projects\\vue-assessment-test-app\\employee-management-tool\\src\\store\\modules\\employeeModule\\index.js","statementMap":{"0":{"start":{"line":1,"column":26},"end":{"line":1,"column":30}},"1":{"start":{"line":7,"column":21},"end":{"line":10,"column":1}},"2":{"start":{"line":12,"column":23},"end":{"line":12,"column":25}}},"fnMap":{},"branchMap":{},"s":{"0":2,"1":2,"2":2},"f":{},"b":{},"_coverageSchema":"43e27e138ebf9cfc5966b082cf9a028302ed4184","hash":"eb3299e0e8ddf7aa462c7217c66085cd7a31a17b"}
,"C:\\Users\\nbattul\\vue-projects\\vue-assessment-test-app\\employee-management-tool\\src\\store\\modules\\employeeModule\\mutations.js": {"path":"C:\\Users\\nbattul\\vue-projects\\vue-assessment-test-app\\employee-management-tool\\src\\store\\modules\\employeeModule\\mutations.js","statementMap":{"0":{"start":{"line":1,"column":18},"end":{"line":11,"column":1}},"1":{"start":{"line":3,"column":4},"end":{"line":3,"column":38}},"2":{"start":{"line":6,"column":4},"end":{"line":6,"column":30}},"3":{"start":{"line":9,"column":4},"end":{"line":9,"column":38}}},"fnMap":{"0":{"name":"(anonymous_0)","decl":{"start":{"line":2,"column":2},"end":{"line":2,"column":3}},"loc":{"start":{"line":2,"column":41},"end":{"line":4,"column":3}},"line":2},"1":{"name":"(anonymous_1)","decl":{"start":{"line":5,"column":2},"end":{"line":5,"column":3}},"loc":{"start":{"line":5,"column":32},"end":{"line":7,"column":3}},"line":5},"2":{"name":"(anonymous_2)","decl":{"start":{"line":8,"column":2},"end":{"line":8,"column":3}},"loc":{"start":{"line":8,"column":32},"end":{"line":10,"column":3}},"line":8}},"branchMap":{},"s":{"0":3,"1":2,"2":1,"3":1},"f":{"0":2,"1":1,"2":1},"b":{},"_coverageSchema":"43e27e138ebf9cfc5966b082cf9a028302ed4184","hash":"10d7c426a332f7531828d8bc8f9990edd69eabad"}
,"C:\\Users\\nbattul\\vue-projects\\vue-assessment-test-app\\employee-management-tool\\src\\views\\employees.vue": {"path":"C:\\Users\\nbattul\\vue-projects\\vue-assessment-test-app\\employee-management-tool\\src\\views\\employees.vue","statementMap":{"0":{"start":{"line":13,"column":0},"end":{"line":13,"column":null}},"1":{"start":{"line":14,"column":0},"end":{"line":14,"column":null}}},"fnMap":{},"branchMap":{},"s":{"0":1,"1":1},"f":{},"b":{}}
}
