TN:
SF:C:\Users\nbattul\vue-projects\vue-assessment-test-app\employee-management-tool\src\app.vue
FNF:0
FNH:0
DA:9,1
LF:1
LH:1
BRF:0
BRH:0
end_of_record
TN:
SF:C:\Users\nbattul\vue-projects\vue-assessment-test-app\employee-management-tool\src\components\employees\addEmployee.vue
FN:63,(anonymous_1)
FN:74,(anonymous_2)
FN:79,(anonymous_3)
FN:83,(anonymous_4)
FN:84,(anonymous_5)
FN:90,(anonymous_6)
FN:94,(anonymous_7)
FNF:7
FNH:5
FNDA:11,(anonymous_1)
FNDA:1,(anonymous_2)
FNDA:1,(anonymous_3)
FNDA:0,(anonymous_4)
FNDA:0,(anonymous_5)
FNDA:2,(anonymous_6)
FNDA:2,(anonymous_7)
DA:58,2
DA:59,2
DA:64,11
DA:75,1
DA:76,1
DA:77,1
DA:80,1
DA:81,1
DA:84,0
DA:87,0
DA:91,2
DA:93,2
DA:94,2
DA:95,2
LF:14
LH:12
BRF:0
BRH:0
end_of_record
TN:
SF:C:\Users\nbattul\vue-projects\vue-assessment-test-app\employee-management-tool\src\components\employees\listEmployee.vue
FN:103,(anonymous_1)
FN:125,(anonymous_2)
FN:129,(anonymous_3)
FN:134,(anonymous_4)
FN:137,(anonymous_5)
FN:140,(anonymous_6)
FN:145,(anonymous_7)
FN:149,(anonymous_8)
FN:157,(anonymous_9)
FN:172,(anonymous_10)
FNF:10
FNH:5
FNDA:5,(anonymous_1)
FNDA:5,(anonymous_2)
FNDA:5,(anonymous_3)
FNDA:0,(anonymous_4)
FNDA:5,(anonymous_5)
FNDA:0,(anonymous_6)
FNDA:1,(anonymous_7)
FNDA:0,(anonymous_8)
FNDA:0,(anonymous_9)
FNDA:0,(anonymous_10)
DA:98,2
DA:99,2
DA:104,5
DA:126,5
DA:130,5
DA:131,5
DA:135,0
DA:138,5
DA:141,0
DA:142,0
DA:143,0
DA:146,1
DA:147,1
DA:153,0
DA:154,0
DA:170,0
LF:16
LH:9
BRF:0
BRH:0
end_of_record
TN:
SF:C:\Users\nbattul\vue-projects\vue-assessment-test-app\employee-management-tool\src\filters\dateFilter.js
FN:1,(anonymous_0)
FNF:1
FNH:1
FNDA:1,(anonymous_0)
DA:1,1
DA:2,1
DA:3,1
DA:4,1
DA:6,1
DA:7,1
DA:8,0
DA:10,1
DA:11,1
DA:13,1
DA:15,1
LF:11
LH:10
BRDA:7,0,0,0
BRDA:7,0,1,1
BRDA:10,1,0,1
BRDA:10,1,1,0
BRF:4
BRH:2
end_of_record
TN:
SF:C:\Users\nbattul\vue-projects\vue-assessment-test-app\employee-management-tool\src\router\index.js
FN:16,(anonymous_0)
FN:21,(anonymous_1)
FNF:2
FNH:0
FNDA:0,(anonymous_0)
FNDA:0,(anonymous_1)
DA:5,1
DA:7,1
DA:16,0
DA:21,0
DA:25,1
LF:5
LH:3
BRF:0
BRH:0
end_of_record
TN:
SF:C:\Users\nbattul\vue-projects\vue-assessment-test-app\employee-management-tool\src\services\apiClient.js
FN:16,(anonymous_0)
FN:17,(anonymous_1)
FNF:2
FNH:0
FNDA:0,(anonymous_0)
FNDA:0,(anonymous_1)
DA:3,5
DA:5,5
DA:15,5
DA:16,0
DA:17,0
LF:5
LH:3
BRF:0
BRH:0
end_of_record
TN:
SF:C:\Users\nbattul\vue-projects\vue-assessment-test-app\employee-management-tool\src\services\employeeService.js
FN:5,(anonymous_0)
FN:7,(anonymous_1)
FN:9,(anonymous_2)
FNF:3
FNH:3
FNDA:1,(anonymous_0)
FNDA:1,(anonymous_1)
FNDA:1,(anonymous_2)
DA:3,4
DA:5,4
DA:7,4
DA:9,4
LF:4
LH:4
BRF:0
BRH:0
end_of_record
TN:
SF:C:\Users\nbattul\vue-projects\vue-assessment-test-app\employee-management-tool\src\shared\appConstants.js
FNF:0
FNH:0
DA:1,7
DA:9,7
DA:17,7
DA:24,7
DA:45,7
LF:5
LH:5
BRF:0
BRH:0
end_of_record
TN:
SF:C:\Users\nbattul\vue-projects\vue-assessment-test-app\employee-management-tool\src\shared\dictionaries\employeeDictionary.js
FNF:0
FNH:0
DA:1,4
LF:1
LH:1
BRF:0
BRH:0
end_of_record
TN:
SF:C:\Users\nbattul\vue-projects\vue-assessment-test-app\employee-management-tool\src\store\index.js
FNF:0
FNH:0
DA:6,1
LF:1
LH:1
BRF:0
BRH:0
end_of_record
TN:
SF:C:\Users\nbattul\vue-projects\vue-assessment-test-app\employee-management-tool\src\store\modules\handleErrors.js
FN:1,(anonymous_0)
FNF:1
FNH:1
FNDA:2,(anonymous_0)
DA:1,4
DA:2,2
LF:2
LH:2
BRF:0
BRH:0
end_of_record
TN:
SF:C:\Users\nbattul\vue-projects\vue-assessment-test-app\employee-management-tool\src\store\modules\employeeModule\actions.js
FN:7,(anonymous_0)
FN:9,(anonymous_1)
FN:10,(anonymous_2)
FN:19,(anonymous_3)
FN:21,(anonymous_4)
FN:30,(anonymous_5)
FN:39,(anonymous_6)
FN:41,(anonymous_7)
FN:44,(anonymous_8)
FNF:9
FNH:9
FNDA:3,(anonymous_0)
FNDA:2,(anonymous_1)
FNDA:1,(anonymous_2)
FNDA:2,(anonymous_3)
FNDA:1,(anonymous_4)
FNDA:1,(anonymous_5)
FNDA:2,(anonymous_6)
FNDA:1,(anonymous_7)
FNDA:1,(anonymous_8)
DA:6,3
DA:8,3
DA:9,2
DA:11,1
DA:15,1
DA:20,2
DA:22,1
DA:23,1
DA:24,1
DA:28,1
DA:31,1
DA:35,1
DA:40,2
DA:42,1
DA:45,1
DA:49,1
LF:16
LH:16
BRF:0
BRH:0
end_of_record
TN:
SF:C:\Users\nbattul\vue-projects\vue-assessment-test-app\employee-management-tool\src\store\modules\employeeModule\index.js
FNF:0
FNH:0
DA:1,2
DA:7,2
DA:12,2
LF:3
LH:3
BRF:0
BRH:0
end_of_record
TN:
SF:C:\Users\nbattul\vue-projects\vue-assessment-test-app\employee-management-tool\src\store\modules\employeeModule\mutations.js
FN:2,(anonymous_0)
FN:5,(anonymous_1)
FN:8,(anonymous_2)
FNF:3
FNH:3
FNDA:2,(anonymous_0)
FNDA:1,(anonymous_1)
FNDA:1,(anonymous_2)
DA:1,3
DA:3,2
DA:6,1
DA:9,1
LF:4
LH:4
BRF:0
BRH:0
end_of_record
TN:
SF:C:\Users\nbattul\vue-projects\vue-assessment-test-app\employee-management-tool\src\views\employees.vue
FNF:0
FNH:0
DA:13,1
DA:14,1
LF:2
LH:2
BRF:0
BRH:0
end_of_record
